[Sat Jun 05 06:30:12.611417 2021] [mpm_winnt:notice] [pid 18748:tid 560] AH00455: Apache/2.4.43 (Win32) configured -- resuming normal operations
[Sat Jun 05 06:30:12.612412 2021] [mpm_winnt:notice] [pid 18748:tid 560] AH00456: Server built: Apr 21 2020 13:46:54
[Sat Jun 05 06:30:12.612412 2021] [core:notice] [pid 18748:tid 560] AH00094: Command line: 'C:\\Users\\Juan Marichal\\AppData\\Roaming\\Local\\lightning-services\\apache-2.4.43+6\\bin\\win32\\bin\\httpd.exe -d C:/Users/Juan Marichal/AppData/Roaming/Local/lightning-services/apache-2.4.43+6/bin/win32 -D FOREGROUND -f C:\\Users\\Juan Marichal\\AppData\\Roaming\\Local\\run\\dmLrYZDGM\\conf\\apache\\apache2.conf'
[Sat Jun 05 06:30:12.621387 2021] [mpm_winnt:notice] [pid 18748:tid 560] AH00418: Parent: Created child process 3392
[Sat Jun 05 06:30:16.017987 2021] [mpm_winnt:notice] [pid 3392:tid 804] AH00354: Child: Starting 64 worker threads.
[Sat Jun 05 06:30:37.035348 2021] [core:warn] [pid 18612:tid 744] AH00098: pid file C:/Users/Juan Marichal/AppData/Roaming/Local/run/dmLrYZDGM/apache/logs/httpd.pid overwritten -- Unclean shutdown of previous Apache run?
[Sat Jun 05 06:30:37.040335 2021] [mpm_winnt:notice] [pid 18612:tid 744] AH00455: Apache/2.4.43 (Win32) configured -- resuming normal operations
[Sat Jun 05 06:30:37.040335 2021] [mpm_winnt:notice] [pid 18612:tid 744] AH00456: Server built: Apr 21 2020 13:46:54
[Sat Jun 05 06:30:37.040335 2021] [core:notice] [pid 18612:tid 744] AH00094: Command line: 'C:\\Users\\Juan Marichal\\AppData\\Roaming\\Local\\lightning-services\\apache-2.4.43+6\\bin\\win32\\bin\\httpd.exe -d C:/Users/Juan Marichal/AppData/Roaming/Local/lightning-services/apache-2.4.43+6/bin/win32 -D FOREGROUND -f C:\\Users\\Juan Marichal\\AppData\\Roaming\\Local\\run\\dmLrYZDGM\\conf\\apache\\apache2.conf'
[Sat Jun 05 06:30:37.052303 2021] [mpm_winnt:notice] [pid 18612:tid 744] AH00418: Parent: Created child process 29796
[Sat Jun 05 06:30:40.319277 2021] [mpm_winnt:notice] [pid 29796:tid 816] AH00354: Child: Starting 64 worker threads.
[Sat Jun 05 06:31:01.921347 2021] [core:warn] [pid 29528:tid 716] AH00098: pid file C:/Users/Juan Marichal/AppData/Roaming/Local/run/dmLrYZDGM/apache/logs/httpd.pid overwritten -- Unclean shutdown of previous Apache run?
[Sat Jun 05 06:31:01.925337 2021] [mpm_winnt:notice] [pid 29528:tid 716] AH00455: Apache/2.4.43 (Win32) configured -- resuming normal operations
[Sat Jun 05 06:31:01.925337 2021] [mpm_winnt:notice] [pid 29528:tid 716] AH00456: Server built: Apr 21 2020 13:46:54
[Sat Jun 05 06:31:01.925337 2021] [core:notice] [pid 29528:tid 716] AH00094: Command line: 'C:\\Users\\Juan Marichal\\AppData\\Roaming\\Local\\lightning-services\\apache-2.4.43+6\\bin\\win32\\bin\\httpd.exe -d C:/Users/Juan Marichal/AppData/Roaming/Local/lightning-services/apache-2.4.43+6/bin/win32 -D FOREGROUND -f C:\\Users\\Juan Marichal\\AppData\\Roaming\\Local\\run\\dmLrYZDGM\\conf\\apache\\apache2.conf'
[Sat Jun 05 06:31:01.938302 2021] [mpm_winnt:notice] [pid 29528:tid 716] AH00418: Parent: Created child process 28068
[Sat Jun 05 06:31:05.530228 2021] [mpm_winnt:notice] [pid 28068:tid 820] AH00354: Child: Starting 64 worker threads.
[Sat Jun 05 06:31:25.531161 2021] [core:warn] [pid 31060:tid 784] AH00098: pid file C:/Users/Juan Marichal/AppData/Roaming/Local/run/dmLrYZDGM/apache/logs/httpd.pid overwritten -- Unclean shutdown of previous Apache run?
[Sat Jun 05 06:31:25.535150 2021] [mpm_winnt:notice] [pid 31060:tid 784] AH00455: Apache/2.4.43 (Win32) configured -- resuming normal operations
[Sat Jun 05 06:31:25.535150 2021] [mpm_winnt:notice] [pid 31060:tid 784] AH00456: Server built: Apr 21 2020 13:46:54
[Sat Jun 05 06:31:25.535150 2021] [core:notice] [pid 31060:tid 784] AH00094: Command line: 'C:\\Users\\Juan Marichal\\AppData\\Roaming\\Local\\lightning-services\\apache-2.4.43+6\\bin\\win32\\bin\\httpd.exe -d C:/Users/Juan Marichal/AppData/Roaming/Local/lightning-services/apache-2.4.43+6/bin/win32 -D FOREGROUND -f C:\\Users\\Juan Marichal\\AppData\\Roaming\\Local\\run\\dmLrYZDGM\\conf\\apache\\apache2.conf'
[Sat Jun 05 06:31:25.549113 2021] [mpm_winnt:notice] [pid 31060:tid 784] AH00418: Parent: Created child process 25008
[Sat Jun 05 06:31:28.780124 2021] [mpm_winnt:notice] [pid 25008:tid 800] AH00354: Child: Starting 64 worker threads.
[Sat Jun 05 07:04:52.384668 2021] [core:warn] [pid 27132:tid 768] AH00098: pid file C:/Users/Juan Marichal/AppData/Roaming/Local/run/dmLrYZDGM/apache/logs/httpd.pid overwritten -- Unclean shutdown of previous Apache run?
[Sat Jun 05 07:04:52.386702 2021] [mpm_winnt:notice] [pid 27132:tid 768] AH00455: Apache/2.4.43 (Win32) configured -- resuming normal operations
[Sat Jun 05 07:04:52.386702 2021] [mpm_winnt:notice] [pid 27132:tid 768] AH00456: Server built: Apr 21 2020 13:46:54
[Sat Jun 05 07:04:52.386702 2021] [core:notice] [pid 27132:tid 768] AH00094: Command line: 'C:\\Users\\Juan Marichal\\AppData\\Roaming\\Local\\lightning-services\\apache-2.4.43+6\\bin\\win32\\bin\\httpd.exe -d C:/Users/Juan Marichal/AppData/Roaming/Local/lightning-services/apache-2.4.43+6/bin/win32 -D FOREGROUND -f C:\\Users\\Juan Marichal\\AppData\\Roaming\\Local\\run\\dmLrYZDGM\\conf\\apache\\apache2.conf'
[Sat Jun 05 07:04:52.394643 2021] [mpm_winnt:notice] [pid 27132:tid 768] AH00418: Parent: Created child process 25468
[Sat Jun 05 07:04:55.288265 2021] [mpm_winnt:notice] [pid 25468:tid 848] AH00354: Child: Starting 64 worker threads.
[Tue Jun 22 07:15:28.082131 2021] [core:warn] [pid 31464:tid 544] AH00098: pid file C:/Users/Juan Marichal/AppData/Roaming/Local/run/dmLrYZDGM/apache/logs/httpd.pid overwritten -- Unclean shutdown of previous Apache run?
[Tue Jun 22 07:15:28.087122 2021] [mpm_winnt:notice] [pid 31464:tid 544] AH00455: Apache/2.4.43 (Win32) configured -- resuming normal operations
[Tue Jun 22 07:15:28.087122 2021] [mpm_winnt:notice] [pid 31464:tid 544] AH00456: Server built: Apr 21 2020 13:46:54
[Tue Jun 22 07:15:28.087122 2021] [core:notice] [pid 31464:tid 544] AH00094: Command line: 'C:\\Users\\Juan Marichal\\AppData\\Roaming\\Local\\lightning-services\\apache-2.4.43+6\\bin\\win32\\bin\\httpd.exe -d C:/Users/Juan Marichal/AppData/Roaming/Local/lightning-services/apache-2.4.43+6/bin/win32 -D FOREGROUND -f C:\\Users\\Juan Marichal\\AppData\\Roaming\\Local\\run\\dmLrYZDGM\\conf\\apache\\apache2.conf'
[Tue Jun 22 07:15:28.100084 2021] [mpm_winnt:notice] [pid 31464:tid 544] AH00418: Parent: Created child process 29776
[Tue Jun 22 07:15:31.711933 2021] [mpm_winnt:notice] [pid 29776:tid 804] AH00354: Child: Starting 64 worker threads.
[Tue Jun 22 07:16:01.959466 2021] [core:warn] [pid 24628:tid 588] AH00098: pid file C:/Users/Juan Marichal/AppData/Roaming/Local/run/dmLrYZDGM/apache/logs/httpd.pid overwritten -- Unclean shutdown of previous Apache run?
[Tue Jun 22 07:16:01.963454 2021] [mpm_winnt:notice] [pid 24628:tid 588] AH00455: Apache/2.4.43 (Win32) configured -- resuming normal operations
[Tue Jun 22 07:16:01.963454 2021] [mpm_winnt:notice] [pid 24628:tid 588] AH00456: Server built: Apr 21 2020 13:46:54
[Tue Jun 22 07:16:01.963454 2021] [core:notice] [pid 24628:tid 588] AH00094: Command line: 'C:\\Users\\Juan Marichal\\AppData\\Roaming\\Local\\lightning-services\\apache-2.4.43+6\\bin\\win32\\bin\\httpd.exe -d C:/Users/Juan Marichal/AppData/Roaming/Local/lightning-services/apache-2.4.43+6/bin/win32 -D FOREGROUND -f C:\\Users\\Juan Marichal\\AppData\\Roaming\\Local\\run\\dmLrYZDGM\\conf\\apache\\apache2.conf'
[Tue Jun 22 07:16:01.974924 2021] [mpm_winnt:notice] [pid 24628:tid 588] AH00418: Parent: Created child process 28208
[Tue Jun 22 07:16:05.271005 2021] [mpm_winnt:notice] [pid 28208:tid 840] AH00354: Child: Starting 64 worker threads.
[Fri Jun 25 20:33:19.421255 2021] [core:warn] [pid 10176:tid 1012] AH00098: pid file C:/Users/Juan Marichal/AppData/Roaming/Local/run/dmLrYZDGM/apache/logs/httpd.pid overwritten -- Unclean shutdown of previous Apache run?
[Fri Jun 25 20:33:19.427240 2021] [mpm_winnt:notice] [pid 10176:tid 1012] AH00455: Apache/2.4.43 (Win32) configured -- resuming normal operations
[Fri Jun 25 20:33:19.427240 2021] [mpm_winnt:notice] [pid 10176:tid 1012] AH00456: Server built: Apr 21 2020 13:46:54
[Fri Jun 25 20:33:19.427240 2021] [core:notice] [pid 10176:tid 1012] AH00094: Command line: 'C:\\Users\\Juan Marichal\\AppData\\Roaming\\Local\\lightning-services\\apache-2.4.43+6\\bin\\win32\\bin\\httpd.exe -d C:/Users/Juan Marichal/AppData/Roaming/Local/lightning-services/apache-2.4.43+6/bin/win32 -D FOREGROUND -f C:\\Users\\Juan Marichal\\AppData\\Roaming\\Local\\run\\dmLrYZDGM\\conf\\apache\\apache2.conf'
[Fri Jun 25 20:33:19.443197 2021] [mpm_winnt:notice] [pid 10176:tid 1012] AH00418: Parent: Created child process 25736
[Fri Jun 25 20:33:23.346006 2021] [mpm_winnt:notice] [pid 25736:tid 880] AH00354: Child: Starting 64 worker threads.
[Fri Jun 25 20:34:44.304107 2021] [core:warn] [pid 29788:tid 832] AH00098: pid file C:/Users/Juan Marichal/AppData/Roaming/Local/run/dmLrYZDGM/apache/logs/httpd.pid overwritten -- Unclean shutdown of previous Apache run?
[Fri Jun 25 20:34:44.308096 2021] [mpm_winnt:notice] [pid 29788:tid 832] AH00455: Apache/2.4.43 (Win32) configured -- resuming normal operations
[Fri Jun 25 20:34:44.308096 2021] [mpm_winnt:notice] [pid 29788:tid 832] AH00456: Server built: Apr 21 2020 13:46:54
[Fri Jun 25 20:34:44.308096 2021] [core:notice] [pid 29788:tid 832] AH00094: Command line: 'C:\\Users\\Juan Marichal\\AppData\\Roaming\\Local\\lightning-services\\apache-2.4.43+6\\bin\\win32\\bin\\httpd.exe -d C:/Users/Juan Marichal/AppData/Roaming/Local/lightning-services/apache-2.4.43+6/bin/win32 -D FOREGROUND -f C:\\Users\\Juan Marichal\\AppData\\Roaming\\Local\\run\\dmLrYZDGM\\conf\\apache\\apache2.conf'
[Fri Jun 25 20:34:44.318071 2021] [mpm_winnt:notice] [pid 29788:tid 832] AH00418: Parent: Created child process 31628
[Fri Jun 25 20:34:47.595121 2021] [mpm_winnt:notice] [pid 31628:tid 816] AH00354: Child: Starting 64 worker threads.
[Fri Jun 25 20:41:49.940747 2021] [core:warn] [pid 20180:tid 812] AH00098: pid file C:/Users/Juan Marichal/AppData/Roaming/Local/run/dmLrYZDGM/apache/logs/httpd.pid overwritten -- Unclean shutdown of previous Apache run?
[Fri Jun 25 20:41:49.946731 2021] [mpm_winnt:notice] [pid 20180:tid 812] AH00455: Apache/2.4.43 (Win32) configured -- resuming normal operations
[Fri Jun 25 20:41:49.946731 2021] [mpm_winnt:notice] [pid 20180:tid 812] AH00456: Server built: Apr 21 2020 13:46:54
[Fri Jun 25 20:41:49.946731 2021] [core:notice] [pid 20180:tid 812] AH00094: Command line: 'C:\\Users\\Juan Marichal\\AppData\\Roaming\\Local\\lightning-services\\apache-2.4.43+6\\bin\\win32\\bin\\httpd.exe -d C:/Users/Juan Marichal/AppData/Roaming/Local/lightning-services/apache-2.4.43+6/bin/win32 -D FOREGROUND -f C:\\Users\\Juan Marichal\\AppData\\Roaming\\Local\\run\\dmLrYZDGM\\conf\\apache\\apache2.conf'
[Fri Jun 25 20:41:49.967675 2021] [mpm_winnt:notice] [pid 20180:tid 812] AH00418: Parent: Created child process 19396
[Fri Jun 25 20:41:54.159462 2021] [mpm_winnt:notice] [pid 19396:tid 524] AH00354: Child: Starting 64 worker threads.
[Sat Jun 26 08:48:10.355103 2021] [core:warn] [pid 10228:tid 772] AH00098: pid file C:/Users/Juan Marichal/AppData/Roaming/Local/run/dmLrYZDGM/apache/logs/httpd.pid overwritten -- Unclean shutdown of previous Apache run?
[Sat Jun 26 08:48:10.360091 2021] [mpm_winnt:notice] [pid 10228:tid 772] AH00455: Apache/2.4.43 (Win32) configured -- resuming normal operations
[Sat Jun 26 08:48:10.360091 2021] [mpm_winnt:notice] [pid 10228:tid 772] AH00456: Server built: Apr 21 2020 13:46:54
[Sat Jun 26 08:48:10.360091 2021] [core:notice] [pid 10228:tid 772] AH00094: Command line: 'C:\\Users\\Juan Marichal\\AppData\\Roaming\\Local\\lightning-services\\apache-2.4.43+6\\bin\\win32\\bin\\httpd.exe -d C:/Users/Juan Marichal/AppData/Roaming/Local/lightning-services/apache-2.4.43+6/bin/win32 -D FOREGROUND -f C:\\Users\\Juan Marichal\\AppData\\Roaming\\Local\\run\\dmLrYZDGM\\conf\\apache\\apache2.conf'
[Sat Jun 26 08:48:10.381034 2021] [mpm_winnt:notice] [pid 10228:tid 772] AH00418: Parent: Created child process 6268
[Sat Jun 26 08:48:13.693718 2021] [mpm_winnt:notice] [pid 6268:tid 832] AH00354: Child: Starting 64 worker threads.
[Mon Jun 28 13:27:38.430196 2021] [core:warn] [pid 13788:tid 712] AH00098: pid file C:/Users/Juan Marichal/AppData/Roaming/Local/run/dmLrYZDGM/apache/logs/httpd.pid overwritten -- Unclean shutdown of previous Apache run?
[Mon Jun 28 13:27:38.436180 2021] [mpm_winnt:notice] [pid 13788:tid 712] AH00455: Apache/2.4.43 (Win32) configured -- resuming normal operations
[Mon Jun 28 13:27:38.436180 2021] [mpm_winnt:notice] [pid 13788:tid 712] AH00456: Server built: Apr 21 2020 13:46:54
[Mon Jun 28 13:27:38.436180 2021] [core:notice] [pid 13788:tid 712] AH00094: Command line: 'C:\\Users\\Juan Marichal\\AppData\\Roaming\\Local\\lightning-services\\apache-2.4.43+6\\bin\\win32\\bin\\httpd.exe -d C:/Users/Juan Marichal/AppData/Roaming/Local/lightning-services/apache-2.4.43+6/bin/win32 -D FOREGROUND -f C:\\Users\\Juan Marichal\\AppData\\Roaming\\Local\\run\\dmLrYZDGM\\conf\\apache\\apache2.conf'
[Mon Jun 28 13:27:38.460117 2021] [mpm_winnt:notice] [pid 13788:tid 712] AH00418: Parent: Created child process 2160
[Mon Jun 28 13:27:42.542962 2021] [mpm_winnt:notice] [pid 2160:tid 832] AH00354: Child: Starting 64 worker threads.
[Tue Jun 29 04:06:49.285495 2021] [mpm_winnt:error] [pid 2160:tid 2344] AH00326: Server ran out of threads to serve requests. Consider raising the ThreadsPerChild setting
[Fri Jul 02 17:43:34.083629 2021] [core:warn] [pid 27156:tid 796] AH00098: pid file C:/Users/Juan Marichal/AppData/Roaming/Local/run/dmLrYZDGM/apache/logs/httpd.pid overwritten -- Unclean shutdown of previous Apache run?
[Fri Jul 02 17:43:34.088617 2021] [mpm_winnt:notice] [pid 27156:tid 796] AH00455: Apache/2.4.43 (Win32) configured -- resuming normal operations
[Fri Jul 02 17:43:34.088617 2021] [mpm_winnt:notice] [pid 27156:tid 796] AH00456: Server built: Apr 21 2020 13:46:54
[Fri Jul 02 17:43:34.088617 2021] [core:notice] [pid 27156:tid 796] AH00094: Command line: 'C:\\Users\\Juan Marichal\\AppData\\Roaming\\Local\\lightning-services\\apache-2.4.43+6\\bin\\win32\\bin\\httpd.exe -d C:/Users/Juan Marichal/AppData/Roaming/Local/lightning-services/apache-2.4.43+6/bin/win32 -D FOREGROUND -f C:\\Users\\Juan Marichal\\AppData\\Roaming\\Local\\run\\dmLrYZDGM\\conf\\apache\\apache2.conf'
[Fri Jul 02 17:43:34.100585 2021] [mpm_winnt:notice] [pid 27156:tid 796] AH00418: Parent: Created child process 31088
[Fri Jul 02 17:43:37.629211 2021] [mpm_winnt:notice] [pid 31088:tid 816] AH00354: Child: Starting 64 worker threads.
[Fri Jul 02 21:31:46.469183 2021] [core:warn] [pid 8064:tid 920] AH00098: pid file C:/Users/Juan Marichal/AppData/Roaming/Local/run/dmLrYZDGM/apache/logs/httpd.pid overwritten -- Unclean shutdown of previous Apache run?
[Fri Jul 02 21:31:46.475167 2021] [mpm_winnt:notice] [pid 8064:tid 920] AH00455: Apache/2.4.43 (Win32) configured -- resuming normal operations
[Fri Jul 02 21:31:46.475167 2021] [mpm_winnt:notice] [pid 8064:tid 920] AH00456: Server built: Apr 21 2020 13:46:54
[Fri Jul 02 21:31:46.475167 2021] [core:notice] [pid 8064:tid 920] AH00094: Command line: 'C:\\Users\\Juan Marichal\\AppData\\Roaming\\Local\\lightning-services\\apache-2.4.43+6\\bin\\win32\\bin\\httpd.exe -d C:/Users/Juan Marichal/AppData/Roaming/Local/lightning-services/apache-2.4.43+6/bin/win32 -D FOREGROUND -f C:\\Users\\Juan Marichal\\AppData\\Roaming\\Local\\run\\dmLrYZDGM\\conf\\apache\\apache2.conf'
[Fri Jul 02 21:31:46.492122 2021] [mpm_winnt:notice] [pid 8064:tid 920] AH00418: Parent: Created child process 31768
[Fri Jul 02 21:31:50.458391 2021] [mpm_winnt:notice] [pid 31768:tid 460] AH00354: Child: Starting 64 worker threads.
[Sun Jul 04 20:16:49.644165 2021] [core:warn] [pid 23856:tid 588] AH00098: pid file C:/Users/Juan Marichal/AppData/Roaming/Local/run/dmLrYZDGM/apache/logs/httpd.pid overwritten -- Unclean shutdown of previous Apache run?
[Sun Jul 04 20:16:49.650149 2021] [mpm_winnt:notice] [pid 23856:tid 588] AH00455: Apache/2.4.43 (Win32) configured -- resuming normal operations
[Sun Jul 04 20:16:49.650149 2021] [mpm_winnt:notice] [pid 23856:tid 588] AH00456: Server built: Apr 21 2020 13:46:54
[Sun Jul 04 20:16:49.650149 2021] [core:notice] [pid 23856:tid 588] AH00094: Command line: 'C:\\Users\\Juan Marichal\\AppData\\Roaming\\Local\\lightning-services\\apache-2.4.43+6\\bin\\win32\\bin\\httpd.exe -d C:/Users/Juan Marichal/AppData/Roaming/Local/lightning-services/apache-2.4.43+6/bin/win32 -D FOREGROUND -f C:\\Users\\Juan Marichal\\AppData\\Roaming\\Local\\run\\dmLrYZDGM\\conf\\apache\\apache2.conf'
[Sun Jul 04 20:16:49.664112 2021] [mpm_winnt:notice] [pid 23856:tid 588] AH00418: Parent: Created child process 25712
[Sun Jul 04 20:16:53.964847 2021] [mpm_winnt:notice] [pid 25712:tid 816] AH00354: Child: Starting 64 worker threads.
[Sun Jul 04 20:53:50.056211 2021] [core:warn] [pid 18320:tid 548] AH00098: pid file C:/Users/Juan Marichal/AppData/Roaming/Local/run/dmLrYZDGM/apache/logs/httpd.pid overwritten -- Unclean shutdown of previous Apache run?
[Sun Jul 04 20:53:50.060202 2021] [mpm_winnt:notice] [pid 18320:tid 548] AH00455: Apache/2.4.43 (Win32) configured -- resuming normal operations
[Sun Jul 04 20:53:50.060202 2021] [mpm_winnt:notice] [pid 18320:tid 548] AH00456: Server built: Apr 21 2020 13:46:54
[Sun Jul 04 20:53:50.060202 2021] [core:notice] [pid 18320:tid 548] AH00094: Command line: 'C:\\Users\\Juan Marichal\\AppData\\Roaming\\Local\\lightning-services\\apache-2.4.43+6\\bin\\win32\\bin\\httpd.exe -d C:/Users/Juan Marichal/AppData/Roaming/Local/lightning-services/apache-2.4.43+6/bin/win32 -D FOREGROUND -f C:\\Users\\Juan Marichal\\AppData\\Roaming\\Local\\run\\dmLrYZDGM\\conf\\apache\\apache2.conf'
[Sun Jul 04 20:53:50.071171 2021] [mpm_winnt:notice] [pid 18320:tid 548] AH00418: Parent: Created child process 25920
[Sun Jul 04 20:53:53.156499 2021] [mpm_winnt:notice] [pid 25920:tid 852] AH00354: Child: Starting 64 worker threads.
[Sun Jul 04 21:41:03.621928 2021] [core:warn] [pid 23984:tid 780] AH00098: pid file C:/Users/Juan Marichal/AppData/Roaming/Local/run/dmLrYZDGM/apache/logs/httpd.pid overwritten -- Unclean shutdown of previous Apache run?
[Sun Jul 04 21:41:03.625916 2021] [mpm_winnt:notice] [pid 23984:tid 780] AH00455: Apache/2.4.43 (Win32) configured -- resuming normal operations
[Sun Jul 04 21:41:03.625916 2021] [mpm_winnt:notice] [pid 23984:tid 780] AH00456: Server built: Apr 21 2020 13:46:54
[Sun Jul 04 21:41:03.625916 2021] [core:notice] [pid 23984:tid 780] AH00094: Command line: 'C:\\Users\\Juan Marichal\\AppData\\Roaming\\Local\\lightning-services\\apache-2.4.43+6\\bin\\win32\\bin\\httpd.exe -d C:/Users/Juan Marichal/AppData/Roaming/Local/lightning-services/apache-2.4.43+6/bin/win32 -D FOREGROUND -f C:\\Users\\Juan Marichal\\AppData\\Roaming\\Local\\run\\dmLrYZDGM\\conf\\apache\\apache2.conf'
[Sun Jul 04 21:41:03.635889 2021] [mpm_winnt:notice] [pid 23984:tid 780] AH00418: Parent: Created child process 34380
[Sun Jul 04 21:41:06.689648 2021] [mpm_winnt:notice] [pid 34380:tid 812] AH00354: Child: Starting 64 worker threads.
[Sun Jul 04 22:23:16.623200 2021] [core:warn] [pid 12956:tid 752] AH00098: pid file C:/Users/Juan Marichal/AppData/Roaming/Local/run/dmLrYZDGM/apache/logs/httpd.pid overwritten -- Unclean shutdown of previous Apache run?
[Sun Jul 04 22:23:16.630181 2021] [mpm_winnt:notice] [pid 12956:tid 752] AH00455: Apache/2.4.43 (Win32) configured -- resuming normal operations
[Sun Jul 04 22:23:16.630181 2021] [mpm_winnt:notice] [pid 12956:tid 752] AH00456: Server built: Apr 21 2020 13:46:54
[Sun Jul 04 22:23:16.630181 2021] [core:notice] [pid 12956:tid 752] AH00094: Command line: 'C:\\Users\\Juan Marichal\\AppData\\Roaming\\Local\\lightning-services\\apache-2.4.43+6\\bin\\win32\\bin\\httpd.exe -d C:/Users/Juan Marichal/AppData/Roaming/Local/lightning-services/apache-2.4.43+6/bin/win32 -D FOREGROUND -f C:\\Users\\Juan Marichal\\AppData\\Roaming\\Local\\run\\dmLrYZDGM\\conf\\apache\\apache2.conf'
[Sun Jul 04 22:23:16.651125 2021] [mpm_winnt:notice] [pid 12956:tid 752] AH00418: Parent: Created child process 28976
[Sun Jul 04 22:23:20.710398 2021] [mpm_winnt:notice] [pid 28976:tid 844] AH00354: Child: Starting 64 worker threads.
[Sun Jul 04 22:27:42.452672 2021] [core:warn] [pid 16876:tid 840] AH00098: pid file C:/Users/Juan Marichal/AppData/Roaming/Local/run/dmLrYZDGM/apache/logs/httpd.pid overwritten -- Unclean shutdown of previous Apache run?
[Sun Jul 04 22:27:42.456661 2021] [mpm_winnt:notice] [pid 16876:tid 840] AH00455: Apache/2.4.43 (Win32) configured -- resuming normal operations
[Sun Jul 04 22:27:42.456661 2021] [mpm_winnt:notice] [pid 16876:tid 840] AH00456: Server built: Apr 21 2020 13:46:54
[Sun Jul 04 22:27:42.456661 2021] [core:notice] [pid 16876:tid 840] AH00094: Command line: 'C:\\Users\\Juan Marichal\\AppData\\Roaming\\Local\\lightning-services\\apache-2.4.43+6\\bin\\win32\\bin\\httpd.exe -d C:/Users/Juan Marichal/AppData/Roaming/Local/lightning-services/apache-2.4.43+6/bin/win32 -D FOREGROUND -f C:\\Users\\Juan Marichal\\AppData\\Roaming\\Local\\run\\dmLrYZDGM\\conf\\apache\\apache2.conf'
[Sun Jul 04 22:27:42.468629 2021] [mpm_winnt:notice] [pid 16876:tid 840] AH00418: Parent: Created child process 27712
[Sun Jul 04 22:27:46.032410 2021] [mpm_winnt:notice] [pid 27712:tid 816] AH00354: Child: Starting 64 worker threads.
[Sun Jul 04 23:11:20.628316 2021] [core:warn] [pid 9276:tid 780] AH00098: pid file C:/Users/Juan Marichal/AppData/Roaming/Local/run/dmLrYZDGM/apache/logs/httpd.pid overwritten -- Unclean shutdown of previous Apache run?
[Sun Jul 04 23:11:20.635298 2021] [mpm_winnt:notice] [pid 9276:tid 780] AH00455: Apache/2.4.43 (Win32) configured -- resuming normal operations
[Sun Jul 04 23:11:20.635298 2021] [mpm_winnt:notice] [pid 9276:tid 780] AH00456: Server built: Apr 21 2020 13:46:54
[Sun Jul 04 23:11:20.636295 2021] [core:notice] [pid 9276:tid 780] AH00094: Command line: 'C:\\Users\\Juan Marichal\\AppData\\Roaming\\Local\\lightning-services\\apache-2.4.43+6\\bin\\win32\\bin\\httpd.exe -d C:/Users/Juan Marichal/AppData/Roaming/Local/lightning-services/apache-2.4.43+6/bin/win32 -D FOREGROUND -f C:\\Users\\Juan Marichal\\AppData\\Roaming\\Local\\run\\dmLrYZDGM\\conf\\apache\\apache2.conf'
[Sun Jul 04 23:11:20.686765 2021] [mpm_winnt:notice] [pid 9276:tid 780] AH00418: Parent: Created child process 9332
[Sun Jul 04 23:11:25.412081 2021] [mpm_winnt:notice] [pid 9332:tid 468] AH00354: Child: Starting 64 worker threads.
[Mon Jul 05 06:26:31.354027 2021] [core:warn] [pid 15696:tid 812] AH00098: pid file C:/Users/Juan Marichal/AppData/Roaming/Local/run/dmLrYZDGM/apache/logs/httpd.pid overwritten -- Unclean shutdown of previous Apache run?
[Mon Jul 05 06:26:31.361008 2021] [mpm_winnt:notice] [pid 15696:tid 812] AH00455: Apache/2.4.43 (Win32) configured -- resuming normal operations
[Mon Jul 05 06:26:31.362005 2021] [mpm_winnt:notice] [pid 15696:tid 812] AH00456: Server built: Apr 21 2020 13:46:54
[Mon Jul 05 06:26:31.362005 2021] [core:notice] [pid 15696:tid 812] AH00094: Command line: 'C:\\Users\\Juan Marichal\\AppData\\Roaming\\Local\\lightning-services\\apache-2.4.43+6\\bin\\win32\\bin\\httpd.exe -d C:/Users/Juan Marichal/AppData/Roaming/Local/lightning-services/apache-2.4.43+6/bin/win32 -D FOREGROUND -f C:\\Users\\Juan Marichal\\AppData\\Roaming\\Local\\run\\dmLrYZDGM\\conf\\apache\\apache2.conf'
[Mon Jul 05 06:26:31.382949 2021] [mpm_winnt:notice] [pid 15696:tid 812] AH00418: Parent: Created child process 11224
[Mon Jul 05 06:26:36.365557 2021] [mpm_winnt:notice] [pid 11224:tid 804] AH00354: Child: Starting 64 worker threads.
[Mon Jul 05 13:46:24.978348 2021] [core:warn] [pid 15592:tid 768] AH00098: pid file C:/Users/Juan Marichal/AppData/Roaming/Local/run/dmLrYZDGM/apache/logs/httpd.pid overwritten -- Unclean shutdown of previous Apache run?
[Mon Jul 05 13:46:24.985329 2021] [mpm_winnt:notice] [pid 15592:tid 768] AH00455: Apache/2.4.43 (Win32) configured -- resuming normal operations
[Mon Jul 05 13:46:24.985329 2021] [mpm_winnt:notice] [pid 15592:tid 768] AH00456: Server built: Apr 21 2020 13:46:54
[Mon Jul 05 13:46:24.985329 2021] [core:notice] [pid 15592:tid 768] AH00094: Command line: 'C:\\Users\\Juan Marichal\\AppData\\Roaming\\Local\\lightning-services\\apache-2.4.43+6\\bin\\win32\\bin\\httpd.exe -d C:/Users/Juan Marichal/AppData/Roaming/Local/lightning-services/apache-2.4.43+6/bin/win32 -D FOREGROUND -f C:\\Users\\Juan Marichal\\AppData\\Roaming\\Local\\run\\dmLrYZDGM\\conf\\apache\\apache2.conf'
[Mon Jul 05 13:46:25.007272 2021] [mpm_winnt:notice] [pid 15592:tid 768] AH00418: Parent: Created child process 4104
[Mon Jul 05 13:46:28.910391 2021] [mpm_winnt:notice] [pid 4104:tid 828] AH00354: Child: Starting 64 worker threads.
[Mon Jul 05 19:30:03.424212 2021] [core:warn] [pid 28940:tid 744] AH00098: pid file C:/Users/Juan Marichal/AppData/Roaming/Local/run/dmLrYZDGM/apache/logs/httpd.pid overwritten -- Unclean shutdown of previous Apache run?
[Mon Jul 05 19:30:03.428201 2021] [mpm_winnt:notice] [pid 28940:tid 744] AH00455: Apache/2.4.43 (Win32) configured -- resuming normal operations
[Mon Jul 05 19:30:03.428201 2021] [mpm_winnt:notice] [pid 28940:tid 744] AH00456: Server built: Apr 21 2020 13:46:54
[Mon Jul 05 19:30:03.428201 2021] [core:notice] [pid 28940:tid 744] AH00094: Command line: 'C:\\Users\\Juan Marichal\\AppData\\Roaming\\Local\\lightning-services\\apache-2.4.43+6\\bin\\win32\\bin\\httpd.exe -d C:/Users/Juan Marichal/AppData/Roaming/Local/lightning-services/apache-2.4.43+6/bin/win32 -D FOREGROUND -f C:\\Users\\Juan Marichal\\AppData\\Roaming\\Local\\run\\dmLrYZDGM\\conf\\apache\\apache2.conf'
[Mon Jul 05 19:30:03.454133 2021] [mpm_winnt:notice] [pid 28940:tid 744] AH00418: Parent: Created child process 32052
[Mon Jul 05 19:30:06.615681 2021] [mpm_winnt:notice] [pid 32052:tid 832] AH00354: Child: Starting 64 worker threads.
[Mon Jul 05 19:31:36.261396 2021] [core:warn] [pid 28032:tid 184] AH00098: pid file C:/Users/Juan Marichal/AppData/Roaming/Local/run/dmLrYZDGM/apache/logs/httpd.pid overwritten -- Unclean shutdown of previous Apache run?
[Mon Jul 05 19:31:36.265385 2021] [mpm_winnt:notice] [pid 28032:tid 184] AH00455: Apache/2.4.43 (Win32) configured -- resuming normal operations
[Mon Jul 05 19:31:36.265385 2021] [mpm_winnt:notice] [pid 28032:tid 184] AH00456: Server built: Apr 21 2020 13:46:54
[Mon Jul 05 19:31:36.265385 2021] [core:notice] [pid 28032:tid 184] AH00094: Command line: 'C:\\Users\\Juan Marichal\\AppData\\Roaming\\Local\\lightning-services\\apache-2.4.43+6\\bin\\win32\\bin\\httpd.exe -d C:/Users/Juan Marichal/AppData/Roaming/Local/lightning-services/apache-2.4.43+6/bin/win32 -D FOREGROUND -f C:\\Users\\Juan Marichal\\AppData\\Roaming\\Local\\run\\dmLrYZDGM\\conf\\apache\\apache2.conf'
[Mon Jul 05 19:31:36.285332 2021] [mpm_winnt:notice] [pid 28032:tid 184] AH00418: Parent: Created child process 10940
[Mon Jul 05 19:31:40.957876 2021] [mpm_winnt:notice] [pid 10940:tid 784] AH00354: Child: Starting 64 worker threads.
[Mon Jul 05 20:54:35.776790 2021] [core:warn] [pid 21048:tid 760] AH00098: pid file C:/Users/Juan Marichal/AppData/Roaming/Local/run/dmLrYZDGM/apache/logs/httpd.pid overwritten -- Unclean shutdown of previous Apache run?
[Mon Jul 05 20:54:35.783772 2021] [mpm_winnt:notice] [pid 21048:tid 760] AH00455: Apache/2.4.43 (Win32) configured -- resuming normal operations
[Mon Jul 05 20:54:35.784770 2021] [mpm_winnt:notice] [pid 21048:tid 760] AH00456: Server built: Apr 21 2020 13:46:54
[Mon Jul 05 20:54:35.784770 2021] [core:notice] [pid 21048:tid 760] AH00094: Command line: 'C:\\Users\\Juan Marichal\\AppData\\Roaming\\Local\\lightning-services\\apache-2.4.43+6\\bin\\win32\\bin\\httpd.exe -d C:/Users/Juan Marichal/AppData/Roaming/Local/lightning-services/apache-2.4.43+6/bin/win32 -D FOREGROUND -f C:\\Users\\Juan Marichal\\AppData\\Roaming\\Local\\run\\dmLrYZDGM\\conf\\apache\\apache2.conf'
[Mon Jul 05 20:54:35.803719 2021] [mpm_winnt:notice] [pid 21048:tid 760] AH00418: Parent: Created child process 28312
[Mon Jul 05 20:54:40.622999 2021] [mpm_winnt:notice] [pid 28312:tid 804] AH00354: Child: Starting 64 worker threads.
[Mon Jul 05 20:54:55.330915 2021] [core:warn] [pid 3892:tid 772] AH00098: pid file C:/Users/Juan Marichal/AppData/Roaming/Local/run/dmLrYZDGM/apache/logs/httpd.pid overwritten -- Unclean shutdown of previous Apache run?
[Mon Jul 05 20:54:55.333907 2021] [mpm_winnt:notice] [pid 3892:tid 772] AH00455: Apache/2.4.43 (Win32) configured -- resuming normal operations
[Mon Jul 05 20:54:55.333907 2021] [mpm_winnt:notice] [pid 3892:tid 772] AH00456: Server built: Apr 21 2020 13:46:54
[Mon Jul 05 20:54:55.333907 2021] [core:notice] [pid 3892:tid 772] AH00094: Command line: 'C:\\Users\\Juan Marichal\\AppData\\Roaming\\Local\\lightning-services\\apache-2.4.43+6\\bin\\win32\\bin\\httpd.exe -d C:/Users/Juan Marichal/AppData/Roaming/Local/lightning-services/apache-2.4.43+6/bin/win32 -D FOREGROUND -f C:\\Users\\Juan Marichal\\AppData\\Roaming\\Local\\run\\dmLrYZDGM\\conf\\apache\\apache2.conf'
[Mon Jul 05 20:54:55.358840 2021] [mpm_winnt:notice] [pid 3892:tid 772] AH00418: Parent: Created child process 18276
[Mon Jul 05 20:54:58.505625 2021] [mpm_winnt:notice] [pid 18276:tid 808] AH00354: Child: Starting 64 worker threads.
[Mon Jul 05 21:09:18.018218 2021] [core:warn] [pid 22616:tid 760] AH00098: pid file C:/Users/Juan Marichal/AppData/Roaming/Local/run/dmLrYZDGM/apache/logs/httpd.pid overwritten -- Unclean shutdown of previous Apache run?
[Mon Jul 05 21:09:18.022207 2021] [mpm_winnt:notice] [pid 22616:tid 760] AH00455: Apache/2.4.43 (Win32) configured -- resuming normal operations
[Mon Jul 05 21:09:18.023204 2021] [mpm_winnt:notice] [pid 22616:tid 760] AH00456: Server built: Apr 21 2020 13:46:54
[Mon Jul 05 21:09:18.023204 2021] [core:notice] [pid 22616:tid 760] AH00094: Command line: 'C:\\Users\\Juan Marichal\\AppData\\Roaming\\Local\\lightning-services\\apache-2.4.43+6\\bin\\win32\\bin\\httpd.exe -d C:/Users/Juan Marichal/AppData/Roaming/Local/lightning-services/apache-2.4.43+6/bin/win32 -D FOREGROUND -f C:\\Users\\Juan Marichal\\AppData\\Roaming\\Local\\run\\dmLrYZDGM\\conf\\apache\\apache2.conf'
[Mon Jul 05 21:09:18.046144 2021] [mpm_winnt:notice] [pid 22616:tid 760] AH00418: Parent: Created child process 21864
[Mon Jul 05 21:09:21.027601 2021] [mpm_winnt:notice] [pid 21864:tid 812] AH00354: Child: Starting 64 worker threads.
[Mon Jul 05 21:35:21.287569 2021] [core:warn] [pid 34116:tid 536] AH00098: pid file C:/Users/Juan Marichal/AppData/Roaming/Local/run/dmLrYZDGM/apache/logs/httpd.pid overwritten -- Unclean shutdown of previous Apache run?
[Mon Jul 05 21:35:21.290561 2021] [mpm_winnt:notice] [pid 34116:tid 536] AH00455: Apache/2.4.43 (Win32) configured -- resuming normal operations
[Mon Jul 05 21:35:21.290561 2021] [mpm_winnt:notice] [pid 34116:tid 536] AH00456: Server built: Apr 21 2020 13:46:54
[Mon Jul 05 21:35:21.290561 2021] [core:notice] [pid 34116:tid 536] AH00094: Command line: 'C:\\Users\\Juan Marichal\\AppData\\Roaming\\Local\\lightning-services\\apache-2.4.43+6\\bin\\win32\\bin\\httpd.exe -d C:/Users/Juan Marichal/AppData/Roaming/Local/lightning-services/apache-2.4.43+6/bin/win32 -D FOREGROUND -f C:\\Users\\Juan Marichal\\AppData\\Roaming\\Local\\run\\dmLrYZDGM\\conf\\apache\\apache2.conf'
[Mon Jul 05 21:35:21.300534 2021] [mpm_winnt:notice] [pid 34116:tid 536] AH00418: Parent: Created child process 8264
[Mon Jul 05 21:35:24.248100 2021] [mpm_winnt:notice] [pid 8264:tid 832] AH00354: Child: Starting 64 worker threads.
[Mon Jul 05 22:05:40.680453 2021] [core:warn] [pid 35396:tid 592] AH00098: pid file C:/Users/Juan Marichal/AppData/Roaming/Local/run/dmLrYZDGM/apache/logs/httpd.pid overwritten -- Unclean shutdown of previous Apache run?
[Mon Jul 05 22:05:40.690425 2021] [mpm_winnt:notice] [pid 35396:tid 592] AH00455: Apache/2.4.43 (Win32) configured -- resuming normal operations
[Mon Jul 05 22:05:40.690425 2021] [mpm_winnt:notice] [pid 35396:tid 592] AH00456: Server built: Apr 21 2020 13:46:54
[Mon Jul 05 22:05:40.690425 2021] [core:notice] [pid 35396:tid 592] AH00094: Command line: 'C:\\Users\\Juan Marichal\\AppData\\Roaming\\Local\\lightning-services\\apache-2.4.43+6\\bin\\win32\\bin\\httpd.exe -d C:/Users/Juan Marichal/AppData/Roaming/Local/lightning-services/apache-2.4.43+6/bin/win32 -D FOREGROUND -f C:\\Users\\Juan Marichal\\AppData\\Roaming\\Local\\run\\dmLrYZDGM\\conf\\apache\\apache2.conf'
[Mon Jul 05 22:05:40.713101 2021] [mpm_winnt:notice] [pid 35396:tid 592] AH00418: Parent: Created child process 31016
[Mon Jul 05 22:05:44.177570 2021] [mpm_winnt:notice] [pid 31016:tid 824] AH00354: Child: Starting 64 worker threads.
